This is pdfTeX, Version 3.141592653-2.6-1.40.24 (TeX Live 2022) (preloaded format=pdflatex 2022.5.30)  31 AUG 2023 13:15
entering extended mode
 restricted \write18 enabled.
 %&-line parsing enabled.
**Data-Visualisation-geom-Encyclopedia.tex
(./Data-Visualisation-geom-Encyclopedia.tex
LaTeX2e <2021-11-15> patch level 1
L3 programming layer <2022-02-24> (/usr/local/texlive/2022/texmf-dist/tex/latex
/base/book.cls
Document Class: book 2021/10/04 v1.4n Standard LaTeX document class
(/usr/local/texlive/2022/texmf-dist/tex/latex/base/bk10.clo
File: bk10.clo 2021/10/04 v1.4n Standard LaTeX file (size option)
)
\c@part=\count185
\c@chapter=\count186
\c@section=\count187
\c@subsection=\count188
\c@subsubsection=\count189
\c@paragraph=\count190
\c@subparagraph=\count191
\c@figure=\count192
\c@table=\count193
\abovecaptionskip=\skip47
\belowcaptionskip=\skip48
\bibindent=\dimen138
) (/usr/local/texlive/2022/texmf-dist/tex/latex/amsmath/amsmath.sty
Package: amsmath 2021/10/15 v2.17l AMS math features
\@mathmargin=\skip49
For additional information on amsmath, use the `?' option.
(/usr/local/texlive/2022/texmf-dist/tex/latex/amsmath/amstext.sty
Package: amstext 2021/08/26 v2.01 AMS text
(/usr/local/texlive/2022/texmf-dist/tex/latex/amsmath/amsgen.sty
File: amsgen.sty 1999/11/30 v2.0 generic functions
\@emptytoks=\toks16
\ex@=\dimen139
)) (/usr/local/texlive/2022/texmf-dist/tex/latex/amsmath/amsbsy.sty
Package: amsbsy 1999/11/29 v1.2d Bold Symbols
\pmbraise@=\dimen140
) (/usr/local/texlive/2022/texmf-dist/tex/latex/amsmath/amsopn.sty
Package: amsopn 2021/08/26 v2.02 operator names
)
\inf@bad=\count194
LaTeX Info: Redefining \frac on input line 234.
\uproot@=\count195
\leftroot@=\count196
LaTeX Info: Redefining \overline on input line 399.
\classnum@=\count197
\DOTSCASE@=\count198
LaTeX Info: Redefining \ldots on input line 496.
LaTeX Info: Redefining \dots on input line 499.
LaTeX Info: Redefining \cdots on input line 620.
\Mathstrutbox@=\box50
\strutbox@=\box51
\big@size=\dimen141
LaTeX Font Info:    Redeclaring font encoding OML on input line 743.
LaTeX Font Info:    Redeclaring font encoding OMS on input line 744.
\macc@depth=\count199
\c@MaxMatrixCols=\count266
\dotsspace@=\muskip16
\c@parentequation=\count267
\dspbrk@lvl=\count268
\tag@help=\toks17
\row@=\count269
\column@=\count270
\maxfields@=\count271
\andhelp@=\toks18
\eqnshift@=\dimen142
\alignsep@=\dimen143
\tagshift@=\dimen144
\tagwidth@=\dimen145
\totwidth@=\dimen146
\lineht@=\dimen147
\@envbody=\toks19
\multlinegap=\skip50
\multlinetaggap=\skip51
\mathdisplay@stack=\toks20
LaTeX Info: Redefining \[ on input line 2938.
LaTeX Info: Redefining \] on input line 2939.
) (/usr/local/texlive/2022/texmf-dist/tex/latex/amsfonts/amssymb.sty
Package: amssymb 2013/01/14 v3.01 AMS font symbols
(/usr/local/texlive/2022/texmf-dist/tex/latex/amsfonts/amsfonts.sty
Package: amsfonts 2013/01/14 v3.01 Basic AMSFonts support
\symAMSa=\mathgroup4
\symAMSb=\mathgroup5
LaTeX Font Info:    Redeclaring math symbol \hbar on input line 98.
LaTeX Font Info:    Overwriting math alphabet `\mathfrak' in version `bold'
(Font)                  U/euf/m/n --> U/euf/b/n on input line 106.
)) (/usr/local/texlive/2022/texmf-dist/tex/latex/lm/lmodern.sty
Package: lmodern 2015/05/01 v1.6.1 Latin Modern Fonts
LaTeX Font Info:    Overwriting symbol font `operators' in version `normal'
(Font)                  OT1/cmr/m/n --> OT1/lmr/m/n on input line 22.
LaTeX Font Info:    Overwriting symbol font `letters' in version `normal'
(Font)                  OML/cmm/m/it --> OML/lmm/m/it on input line 23.
LaTeX Font Info:    Overwriting symbol font `symbols' in version `normal'
(Font)                  OMS/cmsy/m/n --> OMS/lmsy/m/n on input line 24.
LaTeX Font Info:    Overwriting symbol font `largesymbols' in version `normal'
(Font)                  OMX/cmex/m/n --> OMX/lmex/m/n on input line 25.
LaTeX Font Info:    Overwriting symbol font `operators' in version `bold'
(Font)                  OT1/cmr/bx/n --> OT1/lmr/bx/n on input line 26.
LaTeX Font Info:    Overwriting symbol font `letters' in version `bold'
(Font)                  OML/cmm/b/it --> OML/lmm/b/it on input line 27.
LaTeX Font Info:    Overwriting symbol font `symbols' in version `bold'
(Font)                  OMS/cmsy/b/n --> OMS/lmsy/b/n on input line 28.
LaTeX Font Info:    Overwriting symbol font `largesymbols' in version `bold'
(Font)                  OMX/cmex/m/n --> OMX/lmex/m/n on input line 29.
LaTeX Font Info:    Overwriting math alphabet `\mathbf' in version `normal'
(Font)                  OT1/cmr/bx/n --> OT1/lmr/bx/n on input line 31.
LaTeX Font Info:    Overwriting math alphabet `\mathsf' in version `normal'
(Font)                  OT1/cmss/m/n --> OT1/lmss/m/n on input line 32.
LaTeX Font Info:    Overwriting math alphabet `\mathit' in version `normal'
(Font)                  OT1/cmr/m/it --> OT1/lmr/m/it on input line 33.
LaTeX Font Info:    Overwriting math alphabet `\mathtt' in version `normal'
(Font)                  OT1/cmtt/m/n --> OT1/lmtt/m/n on input line 34.
LaTeX Font Info:    Overwriting math alphabet `\mathbf' in version `bold'
(Font)                  OT1/cmr/bx/n --> OT1/lmr/bx/n on input line 35.
LaTeX Font Info:    Overwriting math alphabet `\mathsf' in version `bold'
(Font)                  OT1/cmss/bx/n --> OT1/lmss/bx/n on input line 36.
LaTeX Font Info:    Overwriting math alphabet `\mathit' in version `bold'
(Font)                  OT1/cmr/bx/it --> OT1/lmr/bx/it on input line 37.
LaTeX Font Info:    Overwriting math alphabet `\mathtt' in version `bold'
(Font)                  OT1/cmtt/m/n --> OT1/lmtt/m/n on input line 38.
) (/usr/local/texlive/2022/texmf-dist/tex/generic/iftex/iftex.sty
Package: iftex 2022/02/03 v1.0f TeX engine tests
) (/usr/local/texlive/2022/texmf-dist/tex/latex/base/fontenc.sty
Package: fontenc 2021/04/29 v2.0v Standard LaTeX package
LaTeX Font Info:    Trying to load font information for T1+lmr on input line 11
2.
(/usr/local/texlive/2022/texmf-dist/tex/latex/lm/t1lmr.fd
File: t1lmr.fd 2015/05/01 v1.6.1 Font defs for Latin Modern
)) (/usr/local/texlive/2022/texmf-dist/tex/latex/base/inputenc.sty
Package: inputenc 2021/02/14 v1.3d Input encoding file
\inpenc@prehook=\toks21
\inpenc@posthook=\toks22
) (/usr/local/texlive/2022/texmf-dist/tex/latex/base/textcomp.sty
Package: textcomp 2020/02/02 v2.0n Standard LaTeX package
) (/usr/local/texlive/2022/texmf-dist/tex/latex/upquote/upquote.sty
Package: upquote 2012/04/19 v1.3 upright-quote and grave-accent glyphs in verba
tim
) (/usr/local/texlive/2022/texmf-dist/tex/latex/microtype/microtype.sty
Package: microtype 2022/03/14 v3.0d Micro-typographical refinements (RS)
(/usr/local/texlive/2022/texmf-dist/tex/latex/graphics/keyval.sty
Package: keyval 2014/10/28 v1.15 key=value parser (DPC)
\KV@toks@=\toks23
) (/usr/local/texlive/2022/texmf-dist/tex/latex/etoolbox/etoolbox.sty
Package: etoolbox 2020/10/05 v2.5k e-TeX tools for LaTeX (JAW)
\etb@tempcnta=\count272
)
\MT@toks=\toks24
\MT@tempbox=\box52
\MT@count=\count273
LaTeX Info: Redefining \noprotrusionifhmode on input line 1027.
LaTeX Info: Redefining \leftprotrusion on input line 1028.
LaTeX Info: Redefining \rightprotrusion on input line 1036.
LaTeX Info: Redefining \textls on input line 1195.
\MT@outer@kern=\dimen148
LaTeX Info: Redefining \textmicrotypecontext on input line 1781.
\MT@listname@count=\count274
(/usr/local/texlive/2022/texmf-dist/tex/latex/microtype/microtype-pdftex.def
File: microtype-pdftex.def 2022/03/14 v3.0d Definitions specific to pdftex (RS)

LaTeX Info: Redefining \lsstyle on input line 900.
LaTeX Info: Redefining \lslig on input line 900.
\MT@outer@space=\skip52
)
Package microtype Info: Loading configuration file microtype.cfg.
(/usr/local/texlive/2022/texmf-dist/tex/latex/microtype/microtype.cfg
File: microtype.cfg 2022/03/14 v3.0d microtype main configuration file (RS)
)) (/usr/local/texlive/2022/texmf-dist/tex/latex/parskip/parskip.sty
Package: parskip 2021-03-14 v2.0h non-zero parskip adjustments
(/usr/local/texlive/2022/texmf-dist/tex/latex/kvoptions/kvoptions.sty
Package: kvoptions 2020-10-07 v3.14 Key value format for package options (HO)
(/usr/local/texlive/2022/texmf-dist/tex/generic/ltxcmds/ltxcmds.sty
Package: ltxcmds 2020-05-10 v1.25 LaTeX kernel commands for general use (HO)
) (/usr/local/texlive/2022/texmf-dist/tex/generic/kvsetkeys/kvsetkeys.sty
Package: kvsetkeys 2019/12/15 v1.18 Key value parser (HO)
))) (/usr/local/texlive/2022/texmf-dist/tex/latex/xcolor/xcolor.sty
Package: xcolor 2021/10/31 v2.13 LaTeX color extensions (UK)
(/usr/local/texlive/2022/texmf-dist/tex/latex/graphics-cfg/color.cfg
File: color.cfg 2016/01/02 v1.6 sample color configuration
)
Package xcolor Info: Driver file: pdftex.def on input line 227.
(/usr/local/texlive/2022/texmf-dist/tex/latex/graphics-def/pdftex.def
File: pdftex.def 2020/10/05 v1.2a Graphics/color driver for pdftex
)
Package xcolor Info: Model `cmy' substituted by `cmy0' on input line 1352.
Package xcolor Info: Model `hsb' substituted by `rgb' on input line 1356.
Package xcolor Info: Model `RGB' extended on input line 1368.
Package xcolor Info: Model `HTML' substituted by `rgb' on input line 1370.
Package xcolor Info: Model `Hsb' substituted by `hsb' on input line 1371.
Package xcolor Info: Model `tHsb' substituted by `hsb' on input line 1372.
Package xcolor Info: Model `HSB' substituted by `hsb' on input line 1373.
Package xcolor Info: Model `Gray' substituted by `gray' on input line 1374.
Package xcolor Info: Model `wave' substituted by `hsb' on input line 1375.
) (/usr/local/texlive/2022/texmf-dist/tex/latex/xurl/xurl.sty
Package: xurl 2022/01/09 v 0.10 modify URL breaks
(/usr/local/texlive/2022/texmf-dist/tex/latex/url/url.sty
\Urlmuskip=\muskip17
Package: url 2013/09/16  ver 3.4  Verb mode for urls, etc.
)) (/usr/local/texlive/2022/texmf-dist/tex/latex/bookmark/bookmark.sty
Package: bookmark 2020-11-06 v1.29 PDF bookmarks (HO)
(/usr/local/texlive/2022/texmf-dist/tex/latex/hyperref/hyperref.sty
Package: hyperref 2022-02-21 v7.00n Hypertext links for LaTeX
(/usr/local/texlive/2022/texmf-dist/tex/generic/pdftexcmds/pdftexcmds.sty
Package: pdftexcmds 2020-06-27 v0.33 Utility functions of pdfTeX for LuaTeX (HO
)
(/usr/local/texlive/2022/texmf-dist/tex/generic/infwarerr/infwarerr.sty
Package: infwarerr 2019/12/03 v1.5 Providing info/warning/error messages (HO)
)
Package pdftexcmds Info: \pdf@primitive is available.
Package pdftexcmds Info: \pdf@ifprimitive is available.
Package pdftexcmds Info: \pdfdraftmode found.
) (/usr/local/texlive/2022/texmf-dist/tex/generic/kvdefinekeys/kvdefinekeys.sty
Package: kvdefinekeys 2019-12-19 v1.6 Define keys (HO)
) (/usr/local/texlive/2022/texmf-dist/tex/generic/pdfescape/pdfescape.sty
Package: pdfescape 2019/12/09 v1.15 Implements pdfTeX's escape features (HO)
) (/usr/local/texlive/2022/texmf-dist/tex/latex/hycolor/hycolor.sty
Package: hycolor 2020-01-27 v1.10 Color options for hyperref/bookmark (HO)
) (/usr/local/texlive/2022/texmf-dist/tex/latex/letltxmacro/letltxmacro.sty
Package: letltxmacro 2019/12/03 v1.6 Let assignment for LaTeX macros (HO)
) (/usr/local/texlive/2022/texmf-dist/tex/latex/auxhook/auxhook.sty
Package: auxhook 2019-12-17 v1.6 Hooks for auxiliary files (HO)
)
\@linkdim=\dimen149
\Hy@linkcounter=\count275
\Hy@pagecounter=\count276
(/usr/local/texlive/2022/texmf-dist/tex/latex/hyperref/pd1enc.def
File: pd1enc.def 2022-02-21 v7.00n Hyperref: PDFDocEncoding definition (HO)
Now handling font encoding PD1 ...
... no UTF-8 mapping file for font encoding PD1
) (/usr/local/texlive/2022/texmf-dist/tex/generic/intcalc/intcalc.sty
Package: intcalc 2019/12/15 v1.3 Expandable calculations with integers (HO)
) (/usr/local/texlive/2022/texmf-dist/tex/generic/etexcmds/etexcmds.sty
Package: etexcmds 2019/12/15 v1.7 Avoid name clashes with e-TeX commands (HO)
)
\Hy@SavedSpaceFactor=\count277
(/usr/local/texlive/2022/texmf-dist/tex/latex/hyperref/puenc.def
File: puenc.def 2022-02-21 v7.00n Hyperref: PDF Unicode definition (HO)
Now handling font encoding PU ...
... no UTF-8 mapping file for font encoding PU
)
Package hyperref Info: Option `unicode' set `true' on input line 4018.
Package hyperref Info: Hyper figures OFF on input line 4137.
Package hyperref Info: Link nesting OFF on input line 4142.
Package hyperref Info: Hyper index ON on input line 4145.
Package hyperref Info: Plain pages OFF on input line 4152.
Package hyperref Info: Backreferencing OFF on input line 4157.
Package hyperref Info: Implicit mode ON; LaTeX internals redefined.
Package hyperref Info: Bookmarks ON on input line 4390.
\c@Hy@tempcnt=\count278
LaTeX Info: Redefining \url on input line 4749.
\XeTeXLinkMargin=\dimen150
(/usr/local/texlive/2022/texmf-dist/tex/generic/bitset/bitset.sty
Package: bitset 2019/12/09 v1.3 Handle bit-vector datatype (HO)
(/usr/local/texlive/2022/texmf-dist/tex/generic/bigintcalc/bigintcalc.sty
Package: bigintcalc 2019/12/15 v1.5 Expandable calculations on big integers (HO
)
))
\Fld@menulength=\count279
\Field@Width=\dimen151
\Fld@charsize=\dimen152
Package hyperref Info: Hyper figures OFF on input line 6027.
Package hyperref Info: Link nesting OFF on input line 6032.
Package hyperref Info: Hyper index ON on input line 6035.
Package hyperref Info: backreferencing OFF on input line 6042.
Package hyperref Info: Link coloring OFF on input line 6047.
Package hyperref Info: Link coloring with OCG OFF on input line 6052.
Package hyperref Info: PDF/A mode OFF on input line 6057.
LaTeX Info: Redefining \ref on input line 6097.
LaTeX Info: Redefining \pageref on input line 6101.
(/usr/local/texlive/2022/texmf-dist/tex/latex/base/atbegshi-ltx.sty
Package: atbegshi-ltx 2021/01/10 v1.0c Emulation of the original atbegshi
package with kernel methods
)
\Hy@abspage=\count280
\c@Item=\count281
\c@Hfootnote=\count282
)
Package hyperref Info: Driver (autodetected): hpdftex.
(/usr/local/texlive/2022/texmf-dist/tex/latex/hyperref/hpdftex.def
File: hpdftex.def 2022-02-21 v7.00n Hyperref driver for pdfTeX
(/usr/local/texlive/2022/texmf-dist/tex/latex/base/atveryend-ltx.sty
Package: atveryend-ltx 2020/08/19 v1.0a Emulation of the original atveryend pac
kage
with kernel methods
)
\Fld@listcount=\count283
\c@bookmark@seq@number=\count284

(/usr/local/texlive/2022/texmf-dist/tex/latex/rerunfilecheck/rerunfilecheck.sty
Package: rerunfilecheck 2019/12/05 v1.9 Rerun checks for auxiliary files (HO)

(/usr/local/texlive/2022/texmf-dist/tex/generic/uniquecounter/uniquecounter.sty
Package: uniquecounter 2019/12/15 v1.4 Provide unlimited unique counter (HO)
)
Package uniquecounter Info: New unique counter `rerunfilecheck' on input line 2
86.
)
\Hy@SectionHShift=\skip53
) (/usr/local/texlive/2022/texmf-dist/tex/latex/bookmark/bkm-pdftex.def
File: bkm-pdftex.def 2020-11-06 v1.29 bookmark driver for pdfTeX (HO)
\BKM@id=\count285
)) (/usr/local/texlive/2022/texmf-dist/tex/latex/fancyvrb/fancyvrb.sty
Package: fancyvrb 2021/12/21 4.1b verbatim text (tvz,hv)
\FV@CodeLineNo=\count286
\FV@InFile=\read2
\FV@TabBox=\box53
\c@FancyVerbLine=\count287
\FV@StepNumber=\count288
\FV@OutFile=\write3
) (/usr/local/texlive/2022/texmf-dist/tex/latex/framed/framed.sty
Package: framed 2011/10/22 v 0.96: framed or shaded text with page breaks
\OuterFrameSep=\skip54
\fb@frw=\dimen153
\fb@frh=\dimen154
\FrameRule=\dimen155
\FrameSep=\dimen156
) (/usr/local/texlive/2022/texmf-dist/tex/latex/tools/longtable.sty
Package: longtable 2021-09-01 v4.17 Multi-page Table package (DPC)
\LTleft=\skip55
\LTright=\skip56
\LTpre=\skip57
\LTpost=\skip58
\LTchunksize=\count289
\LTcapwidth=\dimen157
\LT@head=\box54
\LT@firsthead=\box55
\LT@foot=\box56
\LT@lastfoot=\box57
\LT@gbox=\box58
\LT@cols=\count290
\LT@rows=\count291
\c@LT@tables=\count292
\c@LT@chunks=\count293
\LT@p@ftn=\toks25
) (/usr/local/texlive/2022/texmf-dist/tex/latex/booktabs/booktabs.sty
Package: booktabs 2020/01/12 v1.61803398 Publication quality tables
\heavyrulewidth=\dimen158
\lightrulewidth=\dimen159
\cmidrulewidth=\dimen160
\belowrulesep=\dimen161
\belowbottomsep=\dimen162
\aboverulesep=\dimen163
\abovetopsep=\dimen164
\cmidrulesep=\dimen165
\cmidrulekern=\dimen166
\defaultaddspace=\dimen167
\@cmidla=\count294
\@cmidlb=\count295
\@aboverulesep=\dimen168
\@belowrulesep=\dimen169
\@thisruleclass=\count296
\@lastruleclass=\count297
\@thisrulewidth=\dimen170
) (/usr/local/texlive/2022/texmf-dist/tex/latex/tools/array.sty
Package: array 2021/10/04 v2.5f Tabular extension package (FMi)
\col@sep=\dimen171
\ar@mcellbox=\box59
\extrarowheight=\dimen172
\NC@list=\toks26
\extratabsurround=\skip59
\backup@length=\skip60
\ar@cellbox=\box60
) (/usr/local/texlive/2022/texmf-dist/tex/latex/tools/calc.sty
Package: calc 2017/05/25 v4.3 Infix arithmetic (KKT,FJ)
\calc@Acount=\count298
\calc@Bcount=\count299
\calc@Adimen=\dimen173
\calc@Bdimen=\dimen174
\calc@Askip=\skip61
\calc@Bskip=\skip62
LaTeX Info: Redefining \setlength on input line 80.
LaTeX Info: Redefining \addtolength on input line 81.
\calc@Ccount=\count300
\calc@Cskip=\skip63
) (/usr/local/texlive/2022/texmf-dist/tex/latex/footnotehyper/footnotehyper.sty
Package: footnotehyper 2021/08/13 v1.1e hyperref aware footnote.sty (JFB)
\FNH@notes=\box61
\FNH@width=\dimen175
\FNH@toks=\toks27
) (/usr/local/texlive/2022/texmf-dist/tex/latex/graphics/graphicx.sty
Package: graphicx 2021/09/16 v1.2d Enhanced LaTeX Graphics (DPC,SPQR)
(/usr/local/texlive/2022/texmf-dist/tex/latex/graphics/graphics.sty
Package: graphics 2021/03/04 v1.4d Standard LaTeX Graphics (DPC,SPQR)
(/usr/local/texlive/2022/texmf-dist/tex/latex/graphics/trig.sty
Package: trig 2021/08/11 v1.11 sin cos tan (DPC)
) (/usr/local/texlive/2022/texmf-dist/tex/latex/graphics-cfg/graphics.cfg
File: graphics.cfg 2016/06/04 v1.11 sample graphics configuration
)
Package graphics Info: Driver file: pdftex.def on input line 107.
)
\Gin@req@height=\dimen176
\Gin@req@width=\dimen177
) (/usr/local/texlive/2022/texmf-dist/tex/latex/natbib/natbib.sty
Package: natbib 2010/09/13 8.31b (PWD, AO)
\bibhang=\skip64
\bibsep=\skip65
LaTeX Info: Redefining \cite on input line 694.
\c@NAT@ctr=\count301
) (/usr/local/texlive/2022/texmf-dist/tex/latex/l3backend/l3backend-pdftex.def
File: l3backend-pdftex.def 2022-02-07 L3 backend support: PDF output (pdfTeX)
\l__color_backend_stack_int=\count302
\l__pdf_internal_box=\box62
) (./Data-Visualisation-geom-Encyclopedia.aux)
\openout1 = `Data-Visualisation-geom-Encyclopedia.aux'.

LaTeX Font Info:    Checking defaults for OML/cmm/m/it on input line 121.
LaTeX Font Info:    ... okay on input line 121.
LaTeX Font Info:    Checking defaults for OMS/cmsy/m/n on input line 121.
LaTeX Font Info:    ... okay on input line 121.
LaTeX Font Info:    Checking defaults for OT1/cmr/m/n on input line 121.
LaTeX Font Info:    ... okay on input line 121.
LaTeX Font Info:    Checking defaults for T1/cmr/m/n on input line 121.
LaTeX Font Info:    ... okay on input line 121.
LaTeX Font Info:    Checking defaults for TS1/cmr/m/n on input line 121.
LaTeX Font Info:    ... okay on input line 121.
LaTeX Font Info:    Checking defaults for OMX/cmex/m/n on input line 121.
LaTeX Font Info:    ... okay on input line 121.
LaTeX Font Info:    Checking defaults for U/cmr/m/n on input line 121.
LaTeX Font Info:    ... okay on input line 121.
LaTeX Font Info:    Checking defaults for PD1/pdf/m/n on input line 121.
LaTeX Font Info:    ... okay on input line 121.
LaTeX Font Info:    Checking defaults for PU/pdf/m/n on input line 121.
LaTeX Font Info:    ... okay on input line 121.
LaTeX Info: Redefining \microtypecontext on input line 121.
Package microtype Info: Applying patch `item' on input line 121.
Package microtype Info: Applying patch `toc' on input line 121.
Package microtype Info: Applying patch `eqnum' on input line 121.
Package microtype Info: Applying patch `footnote' on input line 121.
Package microtype Info: Generating PDF output.
Package microtype Info: Character protrusion enabled (level 2).
Package microtype Info: Using protrusion set `basicmath'.
Package microtype Info: Automatic font expansion enabled (level 2),
(microtype)             stretch: 20, shrink: 20, step: 1, non-selected.
Package microtype Info: Using default expansion set `alltext-nott'.
LaTeX Info: Redefining \showhyphens on input line 121.
Package microtype Info: No adjustment of tracking.
Package microtype Info: No adjustment of interword spacing.
Package microtype Info: No adjustment of character kerning.
(/usr/local/texlive/2022/texmf-dist/tex/latex/microtype/mt-cmr.cfg
File: mt-cmr.cfg 2013/05/19 v2.2 microtype config. file: Computer Modern Roman 
(RS)
) (/usr/local/texlive/2022/texmf-dist/tex/context/base/mkii/supp-pdf.mkii
[Loading MPS to PDF converter (version 2006.09.02).]
\scratchcounter=\count303
\scratchdimen=\dimen178
\scratchbox=\box63
\nofMPsegments=\count304
\nofMParguments=\count305
\everyMPshowfont=\toks28
\MPscratchCnt=\count306
\MPscratchDim=\dimen179
\MPnumerator=\count307
\makeMPintoPDFobject=\count308
\everyMPtoPDFconversion=\toks29
) (/usr/local/texlive/2022/texmf-dist/tex/latex/epstopdf-pkg/epstopdf-base.sty
Package: epstopdf-base 2020-01-24 v2.11 Base part for package epstopdf
Package epstopdf-base Info: Redefining graphics rule for `.eps' on input line 4
85.
(/usr/local/texlive/2022/texmf-dist/tex/latex/latexconfig/epstopdf-sys.cfg
File: epstopdf-sys.cfg 2010/07/13 v1.3 Configuration of (r)epstopdf for TeX Liv
e
))
Package hyperref Info: Link coloring OFF on input line 121.
(/usr/local/texlive/2022/texmf-dist/tex/latex/hyperref/nameref.sty
Package: nameref 2021-04-02 v2.47 Cross-referencing by name of section
(/usr/local/texlive/2022/texmf-dist/tex/latex/refcount/refcount.sty
Package: refcount 2019/12/15 v3.6 Data extraction from label references (HO)
)
(/usr/local/texlive/2022/texmf-dist/tex/generic/gettitlestring/gettitlestring.s
ty
Package: gettitlestring 2019/12/15 v1.6 Cleanup title references (HO)
)
\c@section@level=\count309
)
LaTeX Info: Redefining \ref on input line 121.
LaTeX Info: Redefining \pageref on input line 121.
LaTeX Info: Redefining \nameref on input line 121.
LaTeX Font Info:    Trying to load font information for T1+lmtt on input line 1
24.
(/usr/local/texlive/2022/texmf-dist/tex/latex/lm/t1lmtt.fd
File: t1lmtt.fd 2015/05/01 v1.6.1 Font defs for Latin Modern
)
LaTeX Font Info:    Trying to load font information for OT1+lmr on input line 1
24.
(/usr/local/texlive/2022/texmf-dist/tex/latex/lm/ot1lmr.fd
File: ot1lmr.fd 2015/05/01 v1.6.1 Font defs for Latin Modern
)
LaTeX Font Info:    Trying to load font information for OML+lmm on input line 1
24.
(/usr/local/texlive/2022/texmf-dist/tex/latex/lm/omllmm.fd
File: omllmm.fd 2015/05/01 v1.6.1 Font defs for Latin Modern
)
LaTeX Font Info:    Trying to load font information for OMS+lmsy on input line 
124.
(/usr/local/texlive/2022/texmf-dist/tex/latex/lm/omslmsy.fd
File: omslmsy.fd 2015/05/01 v1.6.1 Font defs for Latin Modern
)
LaTeX Font Info:    Trying to load font information for OMX+lmex on input line 
124.
(/usr/local/texlive/2022/texmf-dist/tex/latex/lm/omxlmex.fd
File: omxlmex.fd 2015/05/01 v1.6.1 Font defs for Latin Modern
)
LaTeX Font Info:    External font `lmex10' loaded for size
(Font)              <12> on input line 124.
LaTeX Font Info:    External font `lmex10' loaded for size
(Font)              <8> on input line 124.
LaTeX Font Info:    External font `lmex10' loaded for size
(Font)              <6> on input line 124.
LaTeX Font Info:    Trying to load font information for U+msa on input line 124
.
(/usr/local/texlive/2022/texmf-dist/tex/latex/amsfonts/umsa.fd
File: umsa.fd 2013/01/14 v3.01 AMS symbols A
) (/usr/local/texlive/2022/texmf-dist/tex/latex/microtype/mt-msa.cfg
File: mt-msa.cfg 2006/02/04 v1.1 microtype config. file: AMS symbols (a) (RS)
)
LaTeX Font Info:    Trying to load font information for U+msb on input line 124
.
(/usr/local/texlive/2022/texmf-dist/tex/latex/amsfonts/umsb.fd
File: umsb.fd 2013/01/14 v3.01 AMS symbols B
) (/usr/local/texlive/2022/texmf-dist/tex/latex/microtype/mt-msb.cfg
File: mt-msb.cfg 2005/06/01 v1.0 microtype config. file: AMS symbols (b) (RS)
) [1



{/usr/local/texlive/2022/texmf-var/fonts/map/pdftex/updmap/pdftex.map}] [2

]
LaTeX Font Info:    External font `lmex10' loaded for size
(Font)              <10> on input line 131.
LaTeX Font Info:    External font `lmex10' loaded for size
(Font)              <7> on input line 131.
LaTeX Font Info:    External font `lmex10' loaded for size
(Font)              <5> on input line 131.
[1

] [2] [3

] [4

] [5] [6

]
Overfull \hbox (90.74873pt too wide) in paragraph at lines 241--241
[]\T1/lmtt/m/n/10 ## -- Attaching packages ------------------------------------
--- tidyverse 1.3.2 --[] 
 []


Overfull \hbox (90.74873pt too wide) in paragraph at lines 241--241
[]\T1/lmtt/m/n/10 ## -- Conflicts ------------------------------------------ ti
dyverse_conflicts() --[] 
 []

[7]
<Data-Visualisation-geom-Encyclopedia_files/figure-latex/unnamed-chunk-9-1.pdf,
 id=89, 1435.3625pt x 1433.355pt>
File: Data-Visualisation-geom-Encyclopedia_files/figure-latex/unnamed-chunk-9-1
.pdf Graphic file (type pdf)
<use Data-Visualisation-geom-Encyclopedia_files/figure-latex/unnamed-chunk-9-1.
pdf>
Package pdftex.def Info: Data-Visualisation-geom-Encyclopedia_files/figure-late
x/unnamed-chunk-9-1.pdf  used on input line 289.
(pdftex.def)             Requested size: 344.99779pt x 344.51527pt.
LaTeX Font Info:    Font shape `T1/lmtt/bx/n' in size <10> not available
(Font)              Font shape `T1/lmtt/b/n' tried instead on input line 298.
<Data-Visualisation-geom-Encyclopedia_files/figure-latex/unnamed-chunk-11-1.pdf
, id=90, 1435.3625pt x 1433.355pt>
File: Data-Visualisation-geom-Encyclopedia_files/figure-latex/unnamed-chunk-11-
1.pdf Graphic file (type pdf)
<use Data-Visualisation-geom-Encyclopedia_files/figure-latex/unnamed-chunk-11-1
.pdf>
Package pdftex.def Info: Data-Visualisation-geom-Encyclopedia_files/figure-late
x/unnamed-chunk-11-1.pdf  used on input line 306.
(pdftex.def)             Requested size: 344.99779pt x 344.51527pt.

Underfull \vbox (badness 10000) has occurred while \output is active []

[8 <./Data-Visualisation-geom-Encyclopedia_files/figure-latex/unnamed-chunk-9-1
.pdf>] [9 <./Data-Visualisation-geom-Encyclopedia_files/figure-latex/unnamed-ch
unk-11-1.pdf>] [10] [11] [12

]

Package natbib Warning: Citation `R-ggplot2' on page 13 undefined on input line
 428.

LaTeX Font Info:    Trying to load font information for TS1+lmtt on input line 
444.
(/usr/local/texlive/2022/texmf-dist/tex/latex/lm/ts1lmtt.fd
File: ts1lmtt.fd 2015/05/01 v1.6.1 Font defs for Latin Modern
)
<Data-Visualisation-geom-Encyclopedia_files/figure-latex/unnamed-chunk-16-1.pdf
, id=148, 459.7175pt x 241.90375pt>
File: Data-Visualisation-geom-Encyclopedia_files/figure-latex/unnamed-chunk-16-
1.pdf Graphic file (type pdf)
<use Data-Visualisation-geom-Encyclopedia_files/figure-latex/unnamed-chunk-16-1
.pdf>
Package pdftex.def Info: Data-Visualisation-geom-Encyclopedia_files/figure-late
x/unnamed-chunk-16-1.pdf  used on input line 460.
(pdftex.def)             Requested size: 345.01875pt x 181.54916pt.

Package natbib Warning: Citation `R-ggplot2' on page 13 undefined on input line
 468.

[13]
<Data-Visualisation-geom-Encyclopedia_files/figure-latex/unnamed-chunk-17-1.pdf
, id=164, 457.71pt x 313.17pt>
File: Data-Visualisation-geom-Encyclopedia_files/figure-latex/unnamed-chunk-17-
1.pdf Graphic file (type pdf)
<use Data-Visualisation-geom-Encyclopedia_files/figure-latex/unnamed-chunk-17-1
.pdf>
Package pdftex.def Info: Data-Visualisation-geom-Encyclopedia_files/figure-late
x/unnamed-chunk-17-1.pdf  used on input line 486.
(pdftex.def)             Requested size: 345.01372pt x 236.062pt.
[14 <./Data-Visualisation-geom-Encyclopedia_files/figure-latex/unnamed-chunk-16
-1.pdf>] [15 <./Data-Visualisation-geom-Encyclopedia_files/figure-latex/unnamed
-chunk-17-1.pdf>] [16

]

Package natbib Warning: Citation `R-ggplot2' on page 17 undefined on input line
 496.

<Data-Visualisation-geom-Encyclopedia_files/figure-latex/unnamed-chunk-18-1.pdf
, id=195, 459.7175pt x 313.17pt>
File: Data-Visualisation-geom-Encyclopedia_files/figure-latex/unnamed-chunk-18-
1.pdf Graphic file (type pdf)
<use Data-Visualisation-geom-Encyclopedia_files/figure-latex/unnamed-chunk-18-1
.pdf>
Package pdftex.def Info: Data-Visualisation-geom-Encyclopedia_files/figure-late
x/unnamed-chunk-18-1.pdf  used on input line 522.
(pdftex.def)             Requested size: 345.01875pt x 235.0346pt.
<Data-Visualisation-geom-Encyclopedia_files/figure-latex/unnamed-chunk-19-1.pdf
, id=196, 453.695pt x 313.17pt>
File: Data-Visualisation-geom-Encyclopedia_files/figure-latex/unnamed-chunk-19-
1.pdf Graphic file (type pdf)
<use Data-Visualisation-geom-Encyclopedia_files/figure-latex/unnamed-chunk-19-1
.pdf>
Package pdftex.def Info: Data-Visualisation-geom-Encyclopedia_files/figure-late
x/unnamed-chunk-19-1.pdf  used on input line 535.
(pdftex.def)             Requested size: 344.9987pt x 238.14069pt.
<Data-Visualisation-geom-Encyclopedia_files/figure-latex/unnamed-chunk-20-1.pdf
, id=197, 453.695pt x 313.17pt>
File: Data-Visualisation-geom-Encyclopedia_files/figure-latex/unnamed-chunk-20-
1.pdf Graphic file (type pdf)
<use Data-Visualisation-geom-Encyclopedia_files/figure-latex/unnamed-chunk-20-1
.pdf>
Package pdftex.def Info: Data-Visualisation-geom-Encyclopedia_files/figure-late
x/unnamed-chunk-20-1.pdf  used on input line 548.
(pdftex.def)             Requested size: 344.9987pt x 238.14069pt.
<Data-Visualisation-geom-Encyclopedia_files/figure-latex/unnamed-chunk-21-1.pdf
, id=198, 453.695pt x 313.17pt>
File: Data-Visualisation-geom-Encyclopedia_files/figure-latex/unnamed-chunk-21-
1.pdf Graphic file (type pdf)
<use Data-Visualisation-geom-Encyclopedia_files/figure-latex/unnamed-chunk-21-1
.pdf>
Package pdftex.def Info: Data-Visualisation-geom-Encyclopedia_files/figure-late
x/unnamed-chunk-21-1.pdf  used on input line 561.
(pdftex.def)             Requested size: 344.9987pt x 238.14069pt.
<Data-Visualisation-geom-Encyclopedia_files/figure-latex/unnamed-chunk-22-1.pdf
, id=199, 459.7175pt x 313.17pt>
File: Data-Visualisation-geom-Encyclopedia_files/figure-latex/unnamed-chunk-22-
1.pdf Graphic file (type pdf)
<use Data-Visualisation-geom-Encyclopedia_files/figure-latex/unnamed-chunk-22-1
.pdf>
Package pdftex.def Info: Data-Visualisation-geom-Encyclopedia_files/figure-late
x/unnamed-chunk-22-1.pdf  used on input line 576.
(pdftex.def)             Requested size: 345.01875pt x 235.0346pt.
[17] [18 <./Data-Visualisation-geom-Encyclopedia_files/figure-latex/unnamed-chu
nk-18-1.pdf> <./Data-Visualisation-geom-Encyclopedia_files/figure-latex/unnamed
-chunk-19-1.pdf>] [19 <./Data-Visualisation-geom-Encyclopedia_files/figure-late
x/unnamed-chunk-20-1.pdf> <./Data-Visualisation-geom-Encyclopedia_files/figure-
latex/unnamed-chunk-21-1.pdf>]

Package natbib Warning: Citation `R-ggplot2' on page 20 undefined on input line
 581.

<Data-Visualisation-geom-Encyclopedia_files/figure-latex/unnamed-chunk-23-1.pdf
, id=255, 363.3575pt x 315.1775pt>
File: Data-Visualisation-geom-Encyclopedia_files/figure-latex/unnamed-chunk-23-
1.pdf Graphic file (type pdf)
<use Data-Visualisation-geom-Encyclopedia_files/figure-latex/unnamed-chunk-23-1
.pdf>
Package pdftex.def Info: Data-Visualisation-geom-Encyclopedia_files/figure-late
x/unnamed-chunk-23-1.pdf  used on input line 605.
(pdftex.def)             Requested size: 345.01024pt x 299.26303pt.
<Data-Visualisation-geom-Encyclopedia_files/figure-latex/unnamed-chunk-24-1.pdf
, id=256, 363.3575pt x 315.1775pt>
File: Data-Visualisation-geom-Encyclopedia_files/figure-latex/unnamed-chunk-24-
1.pdf Graphic file (type pdf)
<use Data-Visualisation-geom-Encyclopedia_files/figure-latex/unnamed-chunk-24-1
.pdf>
Package pdftex.def Info: Data-Visualisation-geom-Encyclopedia_files/figure-late
x/unnamed-chunk-24-1.pdf  used on input line 619.
(pdftex.def)             Requested size: 345.01024pt x 299.26303pt.

Package natbib Warning: Citation `R-ggplot2' on page 20 undefined on input line
 626.

[20 <./Data-Visualisation-geom-Encyclopedia_files/figure-latex/unnamed-chunk-22
-1.pdf>] [21 <./Data-Visualisation-geom-Encyclopedia_files/figure-latex/unnamed
-chunk-23-1.pdf>] [22 <./Data-Visualisation-geom-Encyclopedia_files/figure-late
x/unnamed-chunk-24-1.pdf>]
<Data-Visualisation-geom-Encyclopedia_files/figure-latex/unnamed-chunk-25-1.pdf
, id=302, 363.3575pt x 315.1775pt>
File: Data-Visualisation-geom-Encyclopedia_files/figure-latex/unnamed-chunk-25-
1.pdf Graphic file (type pdf)
<use Data-Visualisation-geom-Encyclopedia_files/figure-latex/unnamed-chunk-25-1
.pdf>
Package pdftex.def Info: Data-Visualisation-geom-Encyclopedia_files/figure-late
x/unnamed-chunk-25-1.pdf  used on input line 652.
(pdftex.def)             Requested size: 345.01024pt x 299.26303pt.

Package natbib Warning: Citation `R-ggplot2' on page 23 undefined on input line
 659.

[23 <./Data-Visualisation-geom-Encyclopedia_files/figure-latex/unnamed-chunk-25
-1.pdf>]

Package natbib Warning: Citation `R-ggplot2' on page 24 undefined on input line
 666.

<Data-Visualisation-geom-Encyclopedia_files/figure-latex/unnamed-chunk-26-1.pdf
, id=321, 459.7175pt x 313.17pt>
File: Data-Visualisation-geom-Encyclopedia_files/figure-latex/unnamed-chunk-26-
1.pdf Graphic file (type pdf)
<use Data-Visualisation-geom-Encyclopedia_files/figure-latex/unnamed-chunk-26-1
.pdf>
Package pdftex.def Info: Data-Visualisation-geom-Encyclopedia_files/figure-late
x/unnamed-chunk-26-1.pdf  used on input line 691.
(pdftex.def)             Requested size: 345.01875pt x 235.0346pt.
<Data-Visualisation-geom-Encyclopedia_files/figure-latex/unnamed-chunk-27-1.pdf
, id=322, 459.7175pt x 313.17pt>
File: Data-Visualisation-geom-Encyclopedia_files/figure-latex/unnamed-chunk-27-
1.pdf Graphic file (type pdf)
<use Data-Visualisation-geom-Encyclopedia_files/figure-latex/unnamed-chunk-27-1
.pdf>
Package pdftex.def Info: Data-Visualisation-geom-Encyclopedia_files/figure-late
x/unnamed-chunk-27-1.pdf  used on input line 705.
(pdftex.def)             Requested size: 345.01875pt x 235.0346pt.
[24 <./Data-Visualisation-geom-Encyclopedia_files/figure-latex/unnamed-chunk-26
-1.pdf>] [25 <./Data-Visualisation-geom-Encyclopedia_files/figure-latex/unnamed
-chunk-27-1.pdf>] [26

]
<Data-Visualisation-geom-Encyclopedia_files/figure-latex/unnamed-chunk-29-1.pdf
, id=355, 457.71pt x 315.1775pt>
File: Data-Visualisation-geom-Encyclopedia_files/figure-latex/unnamed-chunk-29-
1.pdf Graphic file (type pdf)
<use Data-Visualisation-geom-Encyclopedia_files/figure-latex/unnamed-chunk-29-1
.pdf>
Package pdftex.def Info: Data-Visualisation-geom-Encyclopedia_files/figure-late
x/unnamed-chunk-29-1.pdf  used on input line 729.
(pdftex.def)             Requested size: 345.01372pt x 237.57523pt.
[27 <./Data-Visualisation-geom-Encyclopedia_files/figure-latex/unnamed-chunk-29
-1.pdf>] [28

]
<Data-Visualisation-geom-Encyclopedia_files/figure-latex/unnamed-chunk-30-1.pdf
, id=375, 454.69875pt x 232.87pt>
File: Data-Visualisation-geom-Encyclopedia_files/figure-latex/unnamed-chunk-30-
1.pdf Graphic file (type pdf)
<use Data-Visualisation-geom-Encyclopedia_files/figure-latex/unnamed-chunk-30-1
.pdf>
Package pdftex.def Info: Data-Visualisation-geom-Encyclopedia_files/figure-late
x/unnamed-chunk-30-1.pdf  used on input line 754.
(pdftex.def)             Requested size: 345.0057pt x 176.69165pt.

Underfull \vbox (badness 10000) has occurred while \output is active []

[29 <./Data-Visualisation-geom-Encyclopedia_files/figure-latex/unnamed-chunk-30
-1.pdf>]
<Data-Visualisation-geom-Encyclopedia_files/figure-latex/unnamed-chunk-31-1.pdf
, id=396, 459.7175pt x 317.185pt>
File: Data-Visualisation-geom-Encyclopedia_files/figure-latex/unnamed-chunk-31-
1.pdf Graphic file (type pdf)
<use Data-Visualisation-geom-Encyclopedia_files/figure-latex/unnamed-chunk-31-1
.pdf>
Package pdftex.def Info: Data-Visualisation-geom-Encyclopedia_files/figure-late
x/unnamed-chunk-31-1.pdf  used on input line 766.
(pdftex.def)             Requested size: 345.01875pt x 238.04787pt.
<Data-Visualisation-geom-Encyclopedia_files/figure-latex/unnamed-chunk-32-1.pdf
, id=397, 459.7175pt x 315.1775pt>
File: Data-Visualisation-geom-Encyclopedia_files/figure-latex/unnamed-chunk-32-
1.pdf Graphic file (type pdf)
<use Data-Visualisation-geom-Encyclopedia_files/figure-latex/unnamed-chunk-32-1
.pdf>
Package pdftex.def Info: Data-Visualisation-geom-Encyclopedia_files/figure-late
x/unnamed-chunk-32-1.pdf  used on input line 778.
(pdftex.def)             Requested size: 345.01875pt x 236.54124pt.

Underfull \vbox (badness 10000) has occurred while \output is active []

[30 <./Data-Visualisation-geom-Encyclopedia_files/figure-latex/unnamed-chunk-31
-1.pdf>]
<Data-Visualisation-geom-Encyclopedia_files/figure-latex/unnamed-chunk-33-1.pdf
, id=412, 453.695pt x 315.1775pt>
File: Data-Visualisation-geom-Encyclopedia_files/figure-latex/unnamed-chunk-33-
1.pdf Graphic file (type pdf)
<use Data-Visualisation-geom-Encyclopedia_files/figure-latex/unnamed-chunk-33-1
.pdf>
Package pdftex.def Info: Data-Visualisation-geom-Encyclopedia_files/figure-late
x/unnamed-chunk-33-1.pdf  used on input line 790.
(pdftex.def)             Requested size: 344.9987pt x 239.66724pt.

Underfull \vbox (badness 10000) has occurred while \output is active []

[31 <./Data-Visualisation-geom-Encyclopedia_files/figure-latex/unnamed-chunk-32
-1.pdf>]
<Data-Visualisation-geom-Encyclopedia_files/figure-latex/unnamed-chunk-34-1.pdf
, id=427, 459.7175pt x 315.1775pt>
File: Data-Visualisation-geom-Encyclopedia_files/figure-latex/unnamed-chunk-34-
1.pdf Graphic file (type pdf)
<use Data-Visualisation-geom-Encyclopedia_files/figure-latex/unnamed-chunk-34-1
.pdf>
Package pdftex.def Info: Data-Visualisation-geom-Encyclopedia_files/figure-late
x/unnamed-chunk-34-1.pdf  used on input line 810.
(pdftex.def)             Requested size: 345.01875pt x 236.54124pt.

Underfull \vbox (badness 10000) has occurred while \output is active []

[32 <./Data-Visualisation-geom-Encyclopedia_files/figure-latex/unnamed-chunk-33
-1.pdf>]
<Data-Visualisation-geom-Encyclopedia_files/figure-latex/unnamed-chunk-35-1.pdf
, id=441, 453.695pt x 315.1775pt>
File: Data-Visualisation-geom-Encyclopedia_files/figure-latex/unnamed-chunk-35-
1.pdf Graphic file (type pdf)
<use Data-Visualisation-geom-Encyclopedia_files/figure-latex/unnamed-chunk-35-1
.pdf>
Package pdftex.def Info: Data-Visualisation-geom-Encyclopedia_files/figure-late
x/unnamed-chunk-35-1.pdf  used on input line 824.
(pdftex.def)             Requested size: 344.9987pt x 239.66724pt.

Underfull \vbox (badness 10000) has occurred while \output is active []

[33 <./Data-Visualisation-geom-Encyclopedia_files/figure-latex/unnamed-chunk-34
-1.pdf>] [34 <./Data-Visualisation-geom-Encyclopedia_files/figure-latex/unnamed
-chunk-35-1.pdf>]
<Data-Visualisation-geom-Encyclopedia_files/figure-latex/unnamed-chunk-36-1.pdf
, id=467, 453.695pt x 315.1775pt>
File: Data-Visualisation-geom-Encyclopedia_files/figure-latex/unnamed-chunk-36-
1.pdf Graphic file (type pdf)
<use Data-Visualisation-geom-Encyclopedia_files/figure-latex/unnamed-chunk-36-1
.pdf>
Package pdftex.def Info: Data-Visualisation-geom-Encyclopedia_files/figure-late
x/unnamed-chunk-36-1.pdf  used on input line 844.
(pdftex.def)             Requested size: 344.9987pt x 239.66724pt.
<Data-Visualisation-geom-Encyclopedia_files/figure-latex/unnamed-chunk-37-1.pdf
, id=468, 453.695pt x 315.1775pt>
File: Data-Visualisation-geom-Encyclopedia_files/figure-latex/unnamed-chunk-37-
1.pdf Graphic file (type pdf)
<use Data-Visualisation-geom-Encyclopedia_files/figure-latex/unnamed-chunk-37-1
.pdf>
Package pdftex.def Info: Data-Visualisation-geom-Encyclopedia_files/figure-late
x/unnamed-chunk-37-1.pdf  used on input line 848.
(pdftex.def)             Requested size: 344.9987pt x 239.66724pt.
[35

 <./Data-Visualisation-geom-Encyclopedia_files/figure-latex/unnamed-chunk-36-1.
pdf>] [36 <./Data-Visualisation-geom-Encyclopedia_files/figure-latex/unnamed-ch
unk-37-1.pdf>]
<Data-Visualisation-geom-Encyclopedia_files/figure-latex/unnamed-chunk-38-1.pdf
, id=504, 457.71pt x 313.17pt>
File: Data-Visualisation-geom-Encyclopedia_files/figure-latex/unnamed-chunk-38-
1.pdf Graphic file (type pdf)
<use Data-Visualisation-geom-Encyclopedia_files/figure-latex/unnamed-chunk-38-1
.pdf>
Package pdftex.def Info: Data-Visualisation-geom-Encyclopedia_files/figure-late
x/unnamed-chunk-38-1.pdf  used on input line 862.
(pdftex.def)             Requested size: 345.01372pt x 236.062pt.
[37

 <./Data-Visualisation-geom-Encyclopedia_files/figure-latex/unnamed-chunk-38-1.
pdf>] [38

] [39] [40

]
Overfull \hbox (17.24895pt too wide) in paragraph at lines 875--875
[]\T1/lmtt/m/n/10 ## \TS1/lmtt/m/n/10 `\T1/lmtt/m/n/10 stat_bin()\TS1/lmtt/m/n/
10 ` \T1/lmtt/m/n/10 using \TS1/lmtt/m/n/10 `\T1/lmtt/m/n/10 bins = 30\TS1/lmtt
/m/n/10 `\T1/lmtt/m/n/10 . Pick better value with \TS1/lmtt/m/n/10 `\T1/lmtt/m/
n/10 binwidth\TS1/lmtt/m/n/10 `\T1/lmtt/m/n/10 .[] 
 []

<Data-Visualisation-geom-Encyclopedia_files/figure-latex/unnamed-chunk-39-1.pdf
, id=534, 459.7175pt x 315.1775pt>
File: Data-Visualisation-geom-Encyclopedia_files/figure-latex/unnamed-chunk-39-
1.pdf Graphic file (type pdf)
<use Data-Visualisation-geom-Encyclopedia_files/figure-latex/unnamed-chunk-39-1
.pdf>
Package pdftex.def Info: Data-Visualisation-geom-Encyclopedia_files/figure-late
x/unnamed-chunk-39-1.pdf  used on input line 877.
(pdftex.def)             Requested size: 345.01875pt x 236.54124pt.

Package natbib Warning: Citation `R-ggplot2' on page 41 undefined on input line
 882.

[41 <./Data-Visualisation-geom-Encyclopedia_files/figure-latex/unnamed-chunk-39
-1.pdf>]
<Data-Visualisation-geom-Encyclopedia_files/figure-latex/unnamed-chunk-40-1.pdf
, id=554, 459.7175pt x 227.85126pt>
File: Data-Visualisation-geom-Encyclopedia_files/figure-latex/unnamed-chunk-40-
1.pdf Graphic file (type pdf)
<use Data-Visualisation-geom-Encyclopedia_files/figure-latex/unnamed-chunk-40-1
.pdf>
Package pdftex.def Info: Data-Visualisation-geom-Encyclopedia_files/figure-late
x/unnamed-chunk-40-1.pdf  used on input line 914.
(pdftex.def)             Requested size: 345.01875pt x 171.00275pt.
[42 <./Data-Visualisation-geom-Encyclopedia_files/figure-latex/unnamed-chunk-40
-1.pdf>] [43

] [44

] [45] [46

] [47] [48

]
Overfull \hbox (43.49887pt too wide) in paragraph at lines 951--951
[]\T1/lmtt/m/n/10 ## Warning: ggrepel: 5 unlabeled data points (too many overla
ps). Consider[] 
 []

<Data-Visualisation-geom-Encyclopedia_files/figure-latex/unnamed-chunk-41-1.pdf
, id=600, 464.73625pt x 315.1775pt>
File: Data-Visualisation-geom-Encyclopedia_files/figure-latex/unnamed-chunk-41-
1.pdf Graphic file (type pdf)
<use Data-Visualisation-geom-Encyclopedia_files/figure-latex/unnamed-chunk-41-1
.pdf>
Package pdftex.def Info: Data-Visualisation-geom-Encyclopedia_files/figure-late
x/unnamed-chunk-41-1.pdf  used on input line 953.
(pdftex.def)             Requested size: 345.00568pt x 233.97794pt.

Underfull \vbox (badness 10000) has occurred while \output is active []

[49]
<Data-Visualisation-geom-Encyclopedia_files/figure-latex/unnamed-chunk-42-1.pdf
, id=608, 459.7175pt x 315.1775pt>
File: Data-Visualisation-geom-Encyclopedia_files/figure-latex/unnamed-chunk-42-
1.pdf Graphic file (type pdf)
<use Data-Visualisation-geom-Encyclopedia_files/figure-latex/unnamed-chunk-42-1
.pdf>
Package pdftex.def Info: Data-Visualisation-geom-Encyclopedia_files/figure-late
x/unnamed-chunk-42-1.pdf  used on input line 958.
(pdftex.def)             Requested size: 345.01875pt x 236.54124pt.
[50 <./Data-Visualisation-geom-Encyclopedia_files/figure-latex/unnamed-chunk-41
-1.pdf> <./Data-Visualisation-geom-Encyclopedia_files/figure-latex/unnamed-chun
k-42-1.pdf>]
Overfull \hbox (95.99872pt too wide) in paragraph at lines 972--972
[]\T1/lmtt/m/n/10 ## Warning: Using the \TS1/lmtt/m/n/10 `\T1/lmtt/m/n/10 size\
TS1/lmtt/m/n/10 ` \T1/lmtt/m/n/10 aesthetic in this geom was deprecated in ggpl
ot2 3.4.0.[] 
 []


Overfull \hbox (59.24883pt too wide) in paragraph at lines 972--972
[]\T1/lmtt/m/n/10 ## i Please use \TS1/lmtt/m/n/10 `\T1/lmtt/m/n/10 linewidth\T
S1/lmtt/m/n/10 ` \T1/lmtt/m/n/10 in the \TS1/lmtt/m/n/10 `\T1/lmtt/m/n/10 defau
lt_aes\TS1/lmtt/m/n/10 ` \T1/lmtt/m/n/10 field and elsewhere instead.[] 
 []


Overfull \hbox (53.99884pt too wide) in paragraph at lines 972--972
[]\T1/lmtt/m/n/10 ## Call \TS1/lmtt/m/n/10 `\T1/lmtt/m/n/10 lifecycle::last_lif
ecycle_warnings()\TS1/lmtt/m/n/10 ` \T1/lmtt/m/n/10 to see where this warning w
as[] 
 []

<Data-Visualisation-geom-Encyclopedia_files/figure-latex/unnamed-chunk-43-1.pdf
, id=631, 453.695pt x 315.1775pt>
File: Data-Visualisation-geom-Encyclopedia_files/figure-latex/unnamed-chunk-43-
1.pdf Graphic file (type pdf)
<use Data-Visualisation-geom-Encyclopedia_files/figure-latex/unnamed-chunk-43-1
.pdf>
Package pdftex.def Info: Data-Visualisation-geom-Encyclopedia_files/figure-late
x/unnamed-chunk-43-1.pdf  used on input line 974.
(pdftex.def)             Requested size: 344.9987pt x 239.66724pt.
<Data-Visualisation-geom-Encyclopedia_files/figure-latex/unnamed-chunk-44-1.pdf
, id=632, 453.695pt x 315.1775pt>
File: Data-Visualisation-geom-Encyclopedia_files/figure-latex/unnamed-chunk-44-
1.pdf Graphic file (type pdf)
<use Data-Visualisation-geom-Encyclopedia_files/figure-latex/unnamed-chunk-44-1
.pdf>
Package pdftex.def Info: Data-Visualisation-geom-Encyclopedia_files/figure-late
x/unnamed-chunk-44-1.pdf  used on input line 978.
(pdftex.def)             Requested size: 344.9987pt x 239.66724pt.

Underfull \vbox (badness 10000) has occurred while \output is active []

[51

 <./Data-Visualisation-geom-Encyclopedia_files/figure-latex/unnamed-chunk-43-1.
pdf>] [52 <./Data-Visualisation-geom-Encyclopedia_files/figure-latex/unnamed-ch
unk-44-1.pdf>] [53

] [54

] [55] [56

]
<Data-Visualisation-geom-Encyclopedia_files/figure-latex/unnamed-chunk-45-1.pdf
, id=686, 459.7175pt x 315.1775pt>
File: Data-Visualisation-geom-Encyclopedia_files/figure-latex/unnamed-chunk-45-
1.pdf Graphic file (type pdf)
<use Data-Visualisation-geom-Encyclopedia_files/figure-latex/unnamed-chunk-45-1
.pdf>
Package pdftex.def Info: Data-Visualisation-geom-Encyclopedia_files/figure-late
x/unnamed-chunk-45-1.pdf  used on input line 992.
(pdftex.def)             Requested size: 345.01875pt x 236.54124pt.
[57 <./Data-Visualisation-geom-Encyclopedia_files/figure-latex/unnamed-chunk-45
-1.pdf>] [58

] [59] [60

] [61] [62

]
<Data-Visualisation-geom-Encyclopedia_files/figure-latex/unnamed-chunk-46-1.pdf
, id=727, 459.7175pt x 315.1775pt>
File: Data-Visualisation-geom-Encyclopedia_files/figure-latex/unnamed-chunk-46-
1.pdf Graphic file (type pdf)
<use Data-Visualisation-geom-Encyclopedia_files/figure-latex/unnamed-chunk-46-1
.pdf>
Package pdftex.def Info: Data-Visualisation-geom-Encyclopedia_files/figure-late
x/unnamed-chunk-46-1.pdf  used on input line 1018.
(pdftex.def)             Requested size: 345.01875pt x 236.54124pt.

Overfull \hbox (48.74886pt too wide) in paragraph at lines 1025--1025
[]\T1/lmtt/m/n/10 ## \TS1/lmtt/m/n/10 `\T1/lmtt/m/n/10 geom_smooth()\TS1/lmtt/m
/n/10 ` \T1/lmtt/m/n/10 using method = \TS1/lmtt/m/n/10 '\T1/lmtt/m/n/10 gam\TS
1/lmtt/m/n/10 ' \T1/lmtt/m/n/10 and formula = \TS1/lmtt/m/n/10 '\T1/lmtt/m/n/10
 y ~ s(x, bs = "cs")\TS1/lmtt/m/n/10 '[] 
 []

<Data-Visualisation-geom-Encyclopedia_files/figure-latex/unnamed-chunk-47-1.pdf
, id=728, 459.7175pt x 315.1775pt>
File: Data-Visualisation-geom-Encyclopedia_files/figure-latex/unnamed-chunk-47-
1.pdf Graphic file (type pdf)
<use Data-Visualisation-geom-Encyclopedia_files/figure-latex/unnamed-chunk-47-1
.pdf>
Package pdftex.def Info: Data-Visualisation-geom-Encyclopedia_files/figure-late
x/unnamed-chunk-47-1.pdf  used on input line 1027.
(pdftex.def)             Requested size: 345.01875pt x 236.54124pt.
[63 <./Data-Visualisation-geom-Encyclopedia_files/figure-latex/unnamed-chunk-46
-1.pdf>]
<Data-Visualisation-geom-Encyclopedia_files/figure-latex/unnamed-chunk-48-1.pdf
, id=745, 459.7175pt x 315.1775pt>
File: Data-Visualisation-geom-Encyclopedia_files/figure-latex/unnamed-chunk-48-
1.pdf Graphic file (type pdf)
<use Data-Visualisation-geom-Encyclopedia_files/figure-latex/unnamed-chunk-48-1
.pdf>
Package pdftex.def Info: Data-Visualisation-geom-Encyclopedia_files/figure-late
x/unnamed-chunk-48-1.pdf  used on input line 1033.
(pdftex.def)             Requested size: 345.01875pt x 236.54124pt.
<Data-Visualisation-geom-Encyclopedia_files/figure-latex/unnamed-chunk-49-1.pdf
, id=746, 459.7175pt x 315.1775pt>
File: Data-Visualisation-geom-Encyclopedia_files/figure-latex/unnamed-chunk-49-
1.pdf Graphic file (type pdf)
<use Data-Visualisation-geom-Encyclopedia_files/figure-latex/unnamed-chunk-49-1
.pdf>
Package pdftex.def Info: Data-Visualisation-geom-Encyclopedia_files/figure-late
x/unnamed-chunk-49-1.pdf  used on input line 1035.
(pdftex.def)             Requested size: 345.01875pt x 236.54124pt.

Underfull \vbox (badness 10000) has occurred while \output is active []

[64 <./Data-Visualisation-geom-Encyclopedia_files/figure-latex/unnamed-chunk-47
-1.pdf> <./Data-Visualisation-geom-Encyclopedia_files/figure-latex/unnamed-chun
k-48-1.pdf>] [65 <./Data-Visualisation-geom-Encyclopedia_files/figure-latex/unn
amed-chunk-49-1.pdf>] [66

] [67] [68

] [69] [70

]

Package natbib Warning: Citation `R-ggplot2' on page 71 undefined on input line
 1049.

<Data-Visualisation-geom-Encyclopedia_files/figure-latex/unnamed-chunk-50-1.pdf
, id=814, 454.69875pt x 241.90375pt>
File: Data-Visualisation-geom-Encyclopedia_files/figure-latex/unnamed-chunk-50-
1.pdf Graphic file (type pdf)
<use Data-Visualisation-geom-Encyclopedia_files/figure-latex/unnamed-chunk-50-1
.pdf>
Package pdftex.def Info: Data-Visualisation-geom-Encyclopedia_files/figure-late
x/unnamed-chunk-50-1.pdf  used on input line 1081.
(pdftex.def)             Requested size: 345.0057pt x 183.54608pt.
<Data-Visualisation-geom-Encyclopedia_files/figure-latex/unnamed-chunk-51-1.pdf
, id=815, 459.7175pt x 315.1775pt>
File: Data-Visualisation-geom-Encyclopedia_files/figure-latex/unnamed-chunk-51-
1.pdf Graphic file (type pdf)
<use Data-Visualisation-geom-Encyclopedia_files/figure-latex/unnamed-chunk-51-1
.pdf>
Package pdftex.def Info: Data-Visualisation-geom-Encyclopedia_files/figure-late
x/unnamed-chunk-51-1.pdf  used on input line 1089.
(pdftex.def)             Requested size: 345.01875pt x 236.54124pt.

Underfull \vbox (badness 10000) has occurred while \output is active []

[71]
<Data-Visualisation-geom-Encyclopedia_files/figure-latex/unnamed-chunk-52-1.pdf
, id=825, 459.7175pt x 315.1775pt>
File: Data-Visualisation-geom-Encyclopedia_files/figure-latex/unnamed-chunk-52-
1.pdf Graphic file (type pdf)
<use Data-Visualisation-geom-Encyclopedia_files/figure-latex/unnamed-chunk-52-1
.pdf>
Package pdftex.def Info: Data-Visualisation-geom-Encyclopedia_files/figure-late
x/unnamed-chunk-52-1.pdf  used on input line 1093.
(pdftex.def)             Requested size: 345.01875pt x 236.54124pt.

Underfull \vbox (badness 10000) has occurred while \output is active []

[72 <./Data-Visualisation-geom-Encyclopedia_files/figure-latex/unnamed-chunk-50
-1.pdf> <./Data-Visualisation-geom-Encyclopedia_files/figure-latex/unnamed-chun
k-51-1.pdf>]
<Data-Visualisation-geom-Encyclopedia_files/figure-latex/unnamed-chunk-53-1.pdf
, id=846, 459.7175pt x 315.1775pt>
File: Data-Visualisation-geom-Encyclopedia_files/figure-latex/unnamed-chunk-53-
1.pdf Graphic file (type pdf)
<use Data-Visualisation-geom-Encyclopedia_files/figure-latex/unnamed-chunk-53-1
.pdf>
Package pdftex.def Info: Data-Visualisation-geom-Encyclopedia_files/figure-late
x/unnamed-chunk-53-1.pdf  used on input line 1097.
(pdftex.def)             Requested size: 345.01875pt x 236.54124pt.
[73 <./Data-Visualisation-geom-Encyclopedia_files/figure-latex/unnamed-chunk-52
-1.pdf> <./Data-Visualisation-geom-Encyclopedia_files/figure-latex/unnamed-chun
k-53-1.pdf>] [74

] [75] [76

] [77] [78

] [79] [80

] [81] [82

]
<Data-Visualisation-geom-Encyclopedia_files/figure-latex/unnamed-chunk-54-1.pdf
, id=911, 459.7175pt x 313.17pt>
File: Data-Visualisation-geom-Encyclopedia_files/figure-latex/unnamed-chunk-54-
1.pdf Graphic file (type pdf)
<use Data-Visualisation-geom-Encyclopedia_files/figure-latex/unnamed-chunk-54-1
.pdf>
Package pdftex.def Info: Data-Visualisation-geom-Encyclopedia_files/figure-late
x/unnamed-chunk-54-1.pdf  used on input line 1125.
(pdftex.def)             Requested size: 345.01875pt x 235.0346pt.
<Data-Visualisation-geom-Encyclopedia_files/figure-latex/unnamed-chunk-55-1.pdf
, id=912, 459.7175pt x 313.17pt>
File: Data-Visualisation-geom-Encyclopedia_files/figure-latex/unnamed-chunk-55-
1.pdf Graphic file (type pdf)
<use Data-Visualisation-geom-Encyclopedia_files/figure-latex/unnamed-chunk-55-1
.pdf>
Package pdftex.def Info: Data-Visualisation-geom-Encyclopedia_files/figure-late
x/unnamed-chunk-55-1.pdf  used on input line 1136.
(pdftex.def)             Requested size: 345.01875pt x 235.0346pt.

Underfull \vbox (badness 10000) has occurred while \output is active []

[83 <./Data-Visualisation-geom-Encyclopedia_files/figure-latex/unnamed-chunk-54
-1.pdf>]
<Data-Visualisation-geom-Encyclopedia_files/figure-latex/unnamed-chunk-56-1.pdf
, id=928, 459.7175pt x 313.17pt>
File: Data-Visualisation-geom-Encyclopedia_files/figure-latex/unnamed-chunk-56-
1.pdf Graphic file (type pdf)
<use Data-Visualisation-geom-Encyclopedia_files/figure-latex/unnamed-chunk-56-1
.pdf>
Package pdftex.def Info: Data-Visualisation-geom-Encyclopedia_files/figure-late
x/unnamed-chunk-56-1.pdf  used on input line 1148.
(pdftex.def)             Requested size: 345.01875pt x 235.0346pt.
[84 <./Data-Visualisation-geom-Encyclopedia_files/figure-latex/unnamed-chunk-55
-1.pdf> <./Data-Visualisation-geom-Encyclopedia_files/figure-latex/unnamed-chun
k-56-1.pdf>] (./Data-Visualisation-geom-Encyclopedia.bbl

Package natbib Warning: Empty `thebibliography' environment on input line 8.

)

Package natbib Warning: There were undefined citations.

[85


] (./Data-Visualisation-geom-Encyclopedia.aux) ) 
Here is how much of TeX's memory you used:
 14766 strings out of 478268
 249856 string characters out of 5846347
 550854 words of memory out of 5000000
 32333 multiletter control sequences out of 15000+600000
 533684 words of font info for 122 fonts, out of 8000000 for 9000
 1141 hyphenation exceptions out of 8191
 74i,6n,77p,1033b,502s stack positions out of 10000i,1000n,20000p,200000b,200000s

pdfTeX warning (dest): name{bin_2d} has been referenced but does not exist, rep
laced by a fixed one


pdfTeX warning (dest): name{bin2d} has been referenced but does not exist, repl
aced by a fixed one


pdfTeX warning (dest): name{col} has been referenced but does not exist, replac
ed by a fixed one


pdfTeX warning (dest): name{line} has been referenced but does not exist, repla
ced by a fixed one

{/usr/local/texlive/2022/texmf-dist/fonts/enc/dvips/lm/lm-mathsy.enc}{/usr/loca
l/texlive/2022/texmf-dist/fonts/enc/dvips/lm/lm-ts1.enc}{/usr/local/texlive/202
2/texmf-dist/fonts/enc/dvips/lm/lm-ec.enc}{/usr/local/texlive/2022/texmf-dist/f
onts/enc/dvips/lm/lm-rm.enc}{/usr/local/texlive/2022/texmf-dist/fonts/enc/dvips
/lm/lm-mathit.enc}</usr/local/texlive/2022/texmf-dist/fonts/type1/public/lm/lmb
x10.pfb></usr/local/texlive/2022/texmf-dist/fonts/type1/public/lm/lmbx12.pfb></
usr/local/texlive/2022/texmf-dist/fonts/type1/public/lm/lmmi10.pfb></usr/local/
texlive/2022/texmf-dist/fonts/type1/public/lm/lmr10.pfb></usr/local/texlive/202
2/texmf-dist/fonts/type1/public/lm/lmr12.pfb></usr/local/texlive/2022/texmf-dis
t/fonts/type1/public/lm/lmr17.pfb></usr/local/texlive/2022/texmf-dist/fonts/typ
e1/public/lm/lmr7.pfb></usr/local/texlive/2022/texmf-dist/fonts/type1/public/lm
/lmri10.pfb></usr/local/texlive/2022/texmf-dist/fonts/type1/public/lm/lmro10.pf
b></usr/local/texlive/2022/texmf-dist/fonts/type1/public/lm/lmsy10.pfb></usr/lo
cal/texlive/2022/texmf-dist/fonts/type1/public/lm/lmtk10.pfb></usr/local/texliv
e/2022/texmf-dist/fonts/type1/public/lm/lmtt10.pfb></usr/local/texlive/2022/tex
mf-dist/fonts/type1/public/lm/lmtt12.pfb></usr/local/texlive/2022/texmf-dist/fo
nts/type1/public/lm/lmtti10.pfb>
Output written on Data-Visualisation-geom-Encyclopedia.pdf (87 pages, 7190992 b
ytes).
PDF statistics:
 1322 PDF objects out of 1440 (max. 8388607)
 1063 compressed objects within 11 object streams
 267 named destinations out of 1000 (max. 500000)
 35659 words of extra memory for PDF output out of 35830 (max. 10000000)

